2022-12-26 14:48:33.413 +0000 [ ] [kground-preinit] INFO  [32mdisableAnsi=false[m([%36.36()] [%36.36()]) ibernate.validator.internal.util.Version : HV000001: Hibernate Validator 8.0.0.Final
2022-12-26 14:48:33.451 +0000 [ ] [  restartedMain] INFO  [32mdisableAnsi=false[m([%36.36()] [%36.36()]) gana.hospital.api.HospitalApiApplication : Starting HospitalApiApplication using Java 17.0.5 with PID 44389 (/Users/gaganspvt/Projects/hospital/hospital-api/build/classes/java/main started by gaganspvt in /Users/gaganspvt/Projects/hospital/hospital-api)
2022-12-26 14:48:33.451 +0000 [ ] [  restartedMain] INFO  [32mdisableAnsi=false[m([%36.36()] [%36.36()]) gana.hospital.api.HospitalApiApplication : Starting HospitalApiApplication using Java 17.0.5 with PID 44389 (/Users/gaganspvt/Projects/hospital/hospital-api/build/classes/java/main started by gaganspvt in /Users/gaganspvt/Projects/hospital/hospital-api)
2022-12-26 14:48:33.452 +0000 [ ] [  restartedMain] DEBUG [36mdisableAnsi=false[m([%36.36()] [%36.36()]) gana.hospital.api.HospitalApiApplication : Running with Spring Boot v3.0.1, Spring v6.0.3
2022-12-26 14:48:33.452 +0000 [ ] [  restartedMain] DEBUG [36mdisableAnsi=false[m([%36.36()] [%36.36()]) gana.hospital.api.HospitalApiApplication : Running with Spring Boot v3.0.1, Spring v6.0.3
2022-12-26 14:48:33.453 +0000 [ ] [  restartedMain] INFO  [32mdisableAnsi=false[m([%36.36()] [%36.36()]) gana.hospital.api.HospitalApiApplication : No active profile set, falling back to 1 default profile: "default"
2022-12-26 14:48:33.453 +0000 [ ] [  restartedMain] INFO  [32mdisableAnsi=false[m([%36.36()] [%36.36()]) gana.hospital.api.HospitalApiApplication : No active profile set, falling back to 1 default profile: "default"
2022-12-26 14:48:33.474 +0000 [ ] [  restartedMain] INFO  [32mdisableAnsi=false[m([%36.36()] [%36.36()]) nv.DevToolsPropertyDefaultsPostProcessor : Devtools property defaults active! Set 'spring.devtools.add-properties' to 'false' to disable
2022-12-26 14:48:33.474 +0000 [ ] [  restartedMain] INFO  [32mdisableAnsi=false[m([%36.36()] [%36.36()]) nv.DevToolsPropertyDefaultsPostProcessor : For additional web related logging consider setting the 'logging.level.web' property to 'DEBUG'
2022-12-26 14:48:33.863 +0000 [ ] [  restartedMain] INFO  [32mdisableAnsi=false[m([%36.36()] [%36.36()]) y.config.RepositoryConfigurationDelegate : Bootstrapping Spring Data R2DBC repositories in DEFAULT mode.
2022-12-26 14:48:33.873 +0000 [ ] [  restartedMain] INFO  [32mdisableAnsi=false[m([%36.36()] [%36.36()]) y.config.RepositoryConfigurationDelegate : Finished Spring Data repository scanning in 6 ms. Found 0 R2DBC repository interfaces.
2022-12-26 14:48:34.039 +0000 [ ] [  restartedMain] INFO  [32mdisableAnsi=false[m([%36.36()] [%36.36()]) y.config.RepositoryConfigurationDelegate : Bootstrapping Spring Data R2DBC repositories in DEFAULT mode.
2022-12-26 14:48:34.113 +0000 [ ] [  restartedMain] INFO  [32mdisableAnsi=false[m([%36.36()] [%36.36()]) y.config.RepositoryConfigurationDelegate : Finished Spring Data repository scanning in 74 ms. Found 1 R2DBC repository interfaces.
2022-12-26 14:48:34.285 +0000 [ ] [  restartedMain] INFO  [32mdisableAnsi=false[m([%36.36()] [%36.36()]) trationDelegate$BeanPostProcessorChecker : Bean 'org.springframework.security.config.annotation.method.configuration.ReactiveMethodSecurityConfiguration' of type [org.springframework.security.config.annotation.method.configuration.ReactiveMethodSecurityConfiguration] is not eligible for getting processed by all BeanPostProcessors (for example: not eligible for auto-proxying)
2022-12-26 14:48:34.804 +0000 [ ] [  restartedMain] INFO  [32mdisableAnsi=false[m([%36.36()] [%36.36()]) s.autoconfigure.OptionalLiveReloadServer : LiveReload server is running on port 35729
2022-12-26 14:48:35.100 +0000 [ ] [  restartedMain] INFO  [32mdisableAnsi=false[m([%36.36()] [%36.36()]) tuate.endpoint.web.EndpointLinksResolver : Exposing 14 endpoint(s) beneath base path '/actuator'
2022-12-26 14:48:35.232 +0000 [ ] [  restartedMain] INFO  [32mdisableAnsi=false[m([%36.36()] [%36.36()]) .gagana.hospital.api.config.FlywayConfig : Encrypted Password : c53ff3d653accbb8477f998853eb08fb3858875c887419ffb37775882bbb6c4b74d077e60de2972e65cc4b344e1e989d315a1852a2dd26dae99ba4f93b6dd87355f09650420390db2c0ee3dff6765b1f6edb7b72c543b35b355ef4c1486205c94c796a76d83bc0d074ffc7c582788d5b9c7663b472cc
2022-12-26 14:48:35.232 +0000 [ ] [  restartedMain] INFO  [32mdisableAnsi=false[m([%36.36()] [%36.36()]) .gagana.hospital.api.config.FlywayConfig : Encrypted Password : c53ff3d653accbb8477f998853eb08fb3858875c887419ffb37775882bbb6c4b74d077e60de2972e65cc4b344e1e989d315a1852a2dd26dae99ba4f93b6dd87355f09650420390db2c0ee3dff6765b1f6edb7b72c543b35b355ef4c1486205c94c796a76d83bc0d074ffc7c582788d5b9c7663b472cc
2022-12-26 14:48:35.255 +0000 [ ] [  restartedMain] INFO  [32mdisableAnsi=false[m([%36.36()] [%36.36()]) .gagana.hospital.api.config.FlywayConfig : FLYWAY LOCATIONS IS classpath:db/migration/postgres
2022-12-26 14:48:35.255 +0000 [ ] [  restartedMain] INFO  [32mdisableAnsi=false[m([%36.36()] [%36.36()]) .gagana.hospital.api.config.FlywayConfig : FLYWAY LOCATIONS IS classpath:db/migration/postgres
2022-12-26 14:48:35.260 +0000 [ ] [  restartedMain] INFO  [32mdisableAnsi=false[m([%36.36()] [%36.36()]) ydb.core.internal.license.VersionPrinter : Flyway Community Edition 9.5.1 by Redgate
2022-12-26 14:48:35.260 +0000 [ ] [  restartedMain] INFO  [32mdisableAnsi=false[m([%36.36()] [%36.36()]) ydb.core.internal.license.VersionPrinter : See what's new here: https://flywaydb.org/documentation/learnmore/releaseNotes#9.5.1
2022-12-26 14:48:35.261 +0000 [ ] [  restartedMain] INFO  [32mdisableAnsi=false[m([%36.36()] [%36.36()]) ydb.core.internal.license.VersionPrinter : 
2022-12-26 14:48:35.314 +0000 [ ] [  restartedMain] INFO  [32mdisableAnsi=false[m([%36.36()] [%36.36()]) .internal.database.base.BaseDatabaseType : Database: jdbc:postgresql://localhost:5432/hospital_db (PostgreSQL 14.6)
2022-12-26 14:48:35.336 +0000 [ ] [  restartedMain] INFO  [32mdisableAnsi=false[m([%36.36()] [%36.36()]) lywaydb.core.internal.command.DbValidate : Successfully validated 2 migrations (execution time 00:00.012s)
2022-12-26 14:48:35.346 +0000 [ ] [  restartedMain] INFO  [32mdisableAnsi=false[m([%36.36()] [%36.36()]) flywaydb.core.internal.command.DbMigrate : Current version of schema "migrate_flyway": 2
2022-12-26 14:48:35.346 +0000 [ ] [  restartedMain] INFO  [32mdisableAnsi=false[m([%36.36()] [%36.36()]) flywaydb.core.internal.command.DbMigrate : Schema "migrate_flyway" is up to date. No migration necessary.
2022-12-26 14:48:36.041 +0000 [ ] [  restartedMain] INFO  [32mdisableAnsi=false[m([%36.36()] [%36.36()]) k.boot.web.embedded.netty.NettyWebServer : Netty started on port 8082
2022-12-26 14:48:36.052 +0000 [ ] [  restartedMain] INFO  [32mdisableAnsi=false[m([%36.36()] [%36.36()]) gana.hospital.api.HospitalApiApplication : Started HospitalApiApplication in 2.813 seconds (process running for 3.275)
2022-12-26 14:48:36.052 +0000 [ ] [  restartedMain] INFO  [32mdisableAnsi=false[m([%36.36()] [%36.36()]) gana.hospital.api.HospitalApiApplication : Started HospitalApiApplication in 2.813 seconds (process running for 3.275)
2022-12-26 14:48:46.089 +0000 [ ] [ctor-http-nio-2] DEBUG [36mdisableAnsi=false[m([%36.36()] [%36.36()]) al.api.config.helper.LoggingFilterConfig : Creating txn Id : 0e218430-769e-4e98-8df7-4501c4eea15d
2022-12-26 14:48:46.089 +0000 [ ] [ctor-http-nio-2] DEBUG [36mdisableAnsi=false[m([%36.36()] [%36.36()]) al.api.config.helper.LoggingFilterConfig : Creating txn Id : 0e218430-769e-4e98-8df7-4501c4eea15d
2022-12-26 14:49:00.269 +0000 [ ] [ctor-http-nio-2] DEBUG [36mdisableAnsi=false[m([%36.36()] [%36.36()]) al.api.config.helper.LoggingFilterConfig : Creating txn Id : 152e87b0-896b-4055-9eb5-69637b38df38
2022-12-26 14:49:00.269 +0000 [ ] [ctor-http-nio-2] DEBUG [36mdisableAnsi=false[m([%36.36()] [%36.36()]) al.api.config.helper.LoggingFilterConfig : Creating txn Id : 152e87b0-896b-4055-9eb5-69637b38df38
