2022-12-25 11:51:39,187 INFO o.h.v.i.u.Version [background-preinit] org.hibernate.validator.internal.util.Version.<clinit>(Version.java:21) HV000001: Hibernate Validator 8.0.0.Final 
2022-12-25 11:51:39,214 INFO o.s.b.StartupInfoLogger [restartedMain] org.springframework.boot.StartupInfoLogger.logStarting(StartupInfoLogger.java:51) Starting HospitalApiApplication using Java 17.0.5 with PID 37648 (/Users/gaganspvt/Projects/hospital/hospital-api/build/classes/java/main started by gaganspvt in /Users/gaganspvt/Projects/hospital/hospital-api) 
2022-12-25 11:51:39,214 INFO o.s.b.StartupInfoLogger [restartedMain] org.springframework.boot.StartupInfoLogger.logStarting(StartupInfoLogger.java:51) Starting HospitalApiApplication using Java 17.0.5 with PID 37648 (/Users/gaganspvt/Projects/hospital/hospital-api/build/classes/java/main started by gaganspvt in /Users/gaganspvt/Projects/hospital/hospital-api) 
2022-12-25 11:51:39,215 DEBUG o.s.b.StartupInfoLogger [restartedMain] org.springframework.boot.StartupInfoLogger.logStarting(StartupInfoLogger.java:52) Running with Spring Boot v3.0.1, Spring v6.0.3 
2022-12-25 11:51:39,215 DEBUG o.s.b.StartupInfoLogger [restartedMain] org.springframework.boot.StartupInfoLogger.logStarting(StartupInfoLogger.java:52) Running with Spring Boot v3.0.1, Spring v6.0.3 
2022-12-25 11:51:39,216 INFO o.s.b.SpringApplication [restartedMain] org.springframework.boot.SpringApplication.logStartupProfileInfo(SpringApplication.java:630) No active profile set, falling back to 1 default profile: "default" 
2022-12-25 11:51:39,216 INFO o.s.b.SpringApplication [restartedMain] org.springframework.boot.SpringApplication.logStartupProfileInfo(SpringApplication.java:630) No active profile set, falling back to 1 default profile: "default" 
2022-12-25 11:51:39,235 INFO o.s.b.l.DeferredLog [restartedMain] org.springframework.boot.logging.DeferredLog.logTo(DeferredLog.java:250) Devtools property defaults active! Set 'spring.devtools.add-properties' to 'false' to disable 
2022-12-25 11:51:39,235 INFO o.s.b.l.DeferredLog [restartedMain] org.springframework.boot.logging.DeferredLog.logTo(DeferredLog.java:250) For additional web related logging consider setting the 'logging.level.web' property to 'DEBUG' 
2022-12-25 11:51:39,593 INFO o.s.d.r.c.RepositoryConfigurationDelegate [restartedMain] org.springframework.data.repository.config.RepositoryConfigurationDelegate.registerRepositoriesIn(RepositoryConfigurationDelegate.java:138) Bootstrapping Spring Data R2DBC repositories in DEFAULT mode. 
2022-12-25 11:51:39,602 INFO o.s.d.r.c.RepositoryConfigurationDelegate [restartedMain] org.springframework.data.repository.config.RepositoryConfigurationDelegate.registerRepositoriesIn(RepositoryConfigurationDelegate.java:208) Finished Spring Data repository scanning in 6 ms. Found 0 R2DBC repository interfaces. 
2022-12-25 11:51:39,789 INFO o.s.d.r.c.RepositoryConfigurationDelegate [restartedMain] org.springframework.data.repository.config.RepositoryConfigurationDelegate.registerRepositoriesIn(RepositoryConfigurationDelegate.java:138) Bootstrapping Spring Data R2DBC repositories in DEFAULT mode. 
2022-12-25 11:51:39,865 INFO o.s.d.r.c.RepositoryConfigurationDelegate [restartedMain] org.springframework.data.repository.config.RepositoryConfigurationDelegate.registerRepositoriesIn(RepositoryConfigurationDelegate.java:208) Finished Spring Data repository scanning in 75 ms. Found 1 R2DBC repository interfaces. 
2022-12-25 11:51:40,033 INFO o.s.c.s.PostProcessorRegistrationDelegate$BeanPostProcessorChecker [restartedMain] org.springframework.context.support.PostProcessorRegistrationDelegate$BeanPostProcessorChecker.postProcessAfterInitialization(PostProcessorRegistrationDelegate.java:409) Bean 'org.springframework.security.config.annotation.method.configuration.ReactiveMethodSecurityConfiguration' of type [org.springframework.security.config.annotation.method.configuration.ReactiveMethodSecurityConfiguration] is not eligible for getting processed by all BeanPostProcessors (for example: not eligible for auto-proxying) 
2022-12-25 11:51:40,525 INFO o.s.b.d.a.OptionalLiveReloadServer [restartedMain] org.springframework.boot.devtools.autoconfigure.OptionalLiveReloadServer.startServer(OptionalLiveReloadServer.java:59) LiveReload server is running on port 35729 
2022-12-25 11:51:40,812 INFO o.s.b.a.e.w.EndpointLinksResolver [restartedMain] org.springframework.boot.actuate.endpoint.web.EndpointLinksResolver.<init>(EndpointLinksResolver.java:58) Exposing 14 endpoint(s) beneath base path '/actuator' 
2022-12-25 11:51:40,942 INFO c.g.h.a.c.FlywayConfig [restartedMain] com.gagana.hospital.api.config.FlywayConfig.flyway(FlywayConfig.java:36) Encrypted Password : 3032ee5c58b336cfaae9584368f4b587c2635bec2a94846642ff44c75c8054b7e06cb574865954e67fdb9b7cfe2f0709e888aaba44a9268a083f1b759b692c47cbc0fe0de2d5d73b179657c78c361b2e0a034db9fa846ac3f6ecc21f101a260c1161853e813aada4074639e07e0345cc52ccd0f24ee6 
2022-12-25 11:51:40,942 INFO c.g.h.a.c.FlywayConfig [restartedMain] com.gagana.hospital.api.config.FlywayConfig.flyway(FlywayConfig.java:36) Encrypted Password : 3032ee5c58b336cfaae9584368f4b587c2635bec2a94846642ff44c75c8054b7e06cb574865954e67fdb9b7cfe2f0709e888aaba44a9268a083f1b759b692c47cbc0fe0de2d5d73b179657c78c361b2e0a034db9fa846ac3f6ecc21f101a260c1161853e813aada4074639e07e0345cc52ccd0f24ee6 
2022-12-25 11:51:40,960 INFO c.g.h.a.c.FlywayConfig [restartedMain] com.gagana.hospital.api.config.FlywayConfig.flyway(FlywayConfig.java:49) FLYWAY LOCATIONS IS classpath:db/migration/postgres 
2022-12-25 11:51:40,960 INFO c.g.h.a.c.FlywayConfig [restartedMain] com.gagana.hospital.api.config.FlywayConfig.flyway(FlywayConfig.java:49) FLYWAY LOCATIONS IS classpath:db/migration/postgres 
2022-12-25 11:51:40,964 INFO o.f.c.i.l.s.Slf4jLog [restartedMain] org.flywaydb.core.internal.logging.slf4j.Slf4jLog.info(Slf4jLog.java:37) Flyway Community Edition 9.5.1 by Redgate 
2022-12-25 11:51:40,964 INFO o.f.c.i.l.s.Slf4jLog [restartedMain] org.flywaydb.core.internal.logging.slf4j.Slf4jLog.info(Slf4jLog.java:37) See what's new here: https://flywaydb.org/documentation/learnmore/releaseNotes#9.5.1 
2022-12-25 11:51:40,964 INFO o.f.c.i.l.s.Slf4jLog [restartedMain] org.flywaydb.core.internal.logging.slf4j.Slf4jLog.info(Slf4jLog.java:37)  
2022-12-25 11:51:41,013 INFO o.f.c.i.l.s.Slf4jLog [restartedMain] org.flywaydb.core.internal.logging.slf4j.Slf4jLog.info(Slf4jLog.java:37) Database: jdbc:postgresql://localhost:5432/hospital_db (PostgreSQL 14.6) 
2022-12-25 11:51:41,043 INFO o.f.c.i.l.s.Slf4jLog [restartedMain] org.flywaydb.core.internal.logging.slf4j.Slf4jLog.info(Slf4jLog.java:37) Successfully validated 2 migrations (execution time 00:00.010s) 
2022-12-25 11:51:41,055 INFO o.f.c.i.l.s.Slf4jLog [restartedMain] org.flywaydb.core.internal.logging.slf4j.Slf4jLog.info(Slf4jLog.java:37) Current version of schema "migrate_flyway": 2 
2022-12-25 11:51:41,055 INFO o.f.c.i.l.s.Slf4jLog [restartedMain] org.flywaydb.core.internal.logging.slf4j.Slf4jLog.info(Slf4jLog.java:37) Schema "migrate_flyway" is up to date. No migration necessary. 
2022-12-25 11:51:41,697 INFO o.s.b.w.e.n.NettyWebServer [restartedMain] org.springframework.boot.web.embedded.netty.NettyWebServer.start(NettyWebServer.java:111) Netty started on port 8082 
2022-12-25 11:51:41,707 INFO o.s.b.StartupInfoLogger [restartedMain] org.springframework.boot.StartupInfoLogger.logStarted(StartupInfoLogger.java:57) Started HospitalApiApplication in 2.702 seconds (process running for 3.093) 
2022-12-25 11:51:41,707 INFO o.s.b.StartupInfoLogger [restartedMain] org.springframework.boot.StartupInfoLogger.logStarted(StartupInfoLogger.java:57) Started HospitalApiApplication in 2.702 seconds (process running for 3.093) 
2022-12-25 14:21:18,923 DEBUG c.g.h.a.c.h.LoggingFilterConfig [reactor-http-nio-3] com.gagana.hospital.api.config.helper.LoggingFilterConfig.filter(LoggingFilterConfig.java:36) Creating txn Id : 10525fbe-cec7-457d-bdae-b98bfbae444d 
2022-12-25 14:21:18,923 DEBUG c.g.h.a.c.h.LoggingFilterConfig [reactor-http-nio-3] com.gagana.hospital.api.config.helper.LoggingFilterConfig.filter(LoggingFilterConfig.java:36) Creating txn Id : 10525fbe-cec7-457d-bdae-b98bfbae444d 
2022-12-25 14:21:18,979 DEBUG c.g.h.a.c.h.LoggingFilterConfig [reactor-http-nio-3] com.gagana.hospital.api.config.helper.LoggingFilterConfig.filter(LoggingFilterConfig.java:36) Creating txn Id : 7f8db64d-c20b-493f-9ac4-3a4f8f91348c 
2022-12-25 14:21:18,979 DEBUG c.g.h.a.c.h.LoggingFilterConfig [reactor-http-nio-3] com.gagana.hospital.api.config.helper.LoggingFilterConfig.filter(LoggingFilterConfig.java:36) Creating txn Id : 7f8db64d-c20b-493f-9ac4-3a4f8f91348c 
2022-12-25 14:21:19,010 INFO c.g.h.a.c.DashboardController [parallel-2] com.gagana.hospital.api.controller.DashboardController.test2(DashboardController.java:43) class com.gagana.hospital.api.controller.DashboardController called null 
2022-12-25 14:21:19,010 INFO c.g.h.a.c.DashboardController [parallel-2] com.gagana.hospital.api.controller.DashboardController.test2(DashboardController.java:43) class com.gagana.hospital.api.controller.DashboardController called null 
2022-12-25 14:21:55,490 DEBUG c.g.h.a.c.h.LoggingFilterConfig [reactor-http-nio-3] com.gagana.hospital.api.config.helper.LoggingFilterConfig.filter(LoggingFilterConfig.java:36) Creating txn Id : a5f54cad-af10-47ed-ada8-62918814c521 
2022-12-25 14:21:55,490 DEBUG c.g.h.a.c.h.LoggingFilterConfig [reactor-http-nio-3] com.gagana.hospital.api.config.helper.LoggingFilterConfig.filter(LoggingFilterConfig.java:36) Creating txn Id : a5f54cad-af10-47ed-ada8-62918814c521 
2022-12-25 14:21:55,497 INFO c.g.h.a.c.DashboardController [parallel-3] com.gagana.hospital.api.controller.DashboardController.test2(DashboardController.java:43) class com.gagana.hospital.api.controller.DashboardController called null 
2022-12-25 14:21:55,497 INFO c.g.h.a.c.DashboardController [parallel-3] com.gagana.hospital.api.controller.DashboardController.test2(DashboardController.java:43) class com.gagana.hospital.api.controller.DashboardController called null 
